<?xml version="1.0" encoding="UTF-8"?>
<testng-results ignored="0" total="0" passed="0" failed="0" skipped="0">
  <reporter-output>
  </reporter-output>
  <suite started-at="2021-03-03T22:51:50 CET" name="Suite" finished-at="2021-03-03T22:51:50 CET" duration-ms="651">
    <groups>
      <group name="cucumber">
        <method signature="AbstractTestNGCucumberTests.runScenario(io.cucumber.testng.PickleWrapper, io.cucumber.testng.FeatureWrapper)[pri:0, instance:cucumberOptions.testRunner@1b6e1eff]" name="runScenario" class="io.cucumber.testng.AbstractTestNGCucumberTests"/>
      </group> <!-- cucumber -->
    </groups>
    <test started-at="2021-03-03T22:51:50 CET" name="Test" finished-at="2021-03-03T22:51:50 CET" duration-ms="651">
      <class name="cucumberOptions.testRunner">
        <test-method is-config="true" signature="setUpClass()[pri:0, instance:cucumberOptions.testRunner@1b6e1eff]" started-at="2021-03-03T22:51:50 CET" name="setUpClass" finished-at="2021-03-03T22:51:50 CET" duration-ms="579" status="PASS">
          <reporter-output>
          </reporter-output>
        </test-method> <!-- setUpClass -->
        <test-method is-config="true" signature="tearDownClass()[pri:0, instance:cucumberOptions.testRunner@1b6e1eff]" started-at="2021-03-03T22:51:50 CET" name="tearDownClass" finished-at="2021-03-03T22:51:50 CET" duration-ms="14" status="PASS">
          <reporter-output>
          </reporter-output>
        </test-method> <!-- tearDownClass -->
      </class> <!-- cucumberOptions.testRunner -->
    </test> <!-- Test -->
  </suite> <!-- Suite -->
</testng-results>
